# JRE version: OpenJDK Runtime Environment (8.0_152-b01) (build 1.8.0_152-release-1024-b01)
# Java VM: OpenJDK 64-Bit Server VM (25.152-b01 mixed mode linux-amd64 compressed oops)
Heap:
 PSYoungGen      total 509952K, used 0K [0x00000000d7000000, 0x00000000f6400000, 0x0000000100000000)
  eden space 507904K, 0% used [0x00000000d7000000,0x00000000d7000000,0x00000000f6000000)
  from space 2048K, 0% used [0x00000000f6000000,0x00000000f6000000,0x00000000f6200000)
  to   space 2048K, 0% used [0x00000000f6200000,0x00000000f6200000,0x00000000f6400000)
 ParOldGen       total 84992K, used 873K [0x0000000085000000, 0x000000008a300000, 0x00000000d7000000)
  object space 84992K, 1% used [0x0000000085000000,0x00000000850da510,0x000000008a300000)
 Metaspace       used 5266K, capacity 5392K, committed 5504K, reserved 1056768K
  class space    used 584K, capacity 627K, committed 640K, reserved 1048576K
GC Heap History (10 events):
Event: 0,735 GC heap after
Heap after GC invocations=4 (full 0):
 PSYoungGen      total 132096K, used 912K [0x00000000d7000000, 0x00000000df600000, 0x0000000100000000)
  eden space 126976K, 0% used [0x00000000d7000000,0x00000000d7000000,0x00000000dec00000)
  from space 5120K, 17% used [0x00000000df100000,0x00000000df1e4010,0x00000000df600000)
  to   space 5120K, 0% used [0x00000000dec00000,0x00000000dec00000,0x00000000df100000)
 ParOldGen       total 84992K, used 24K [0x0000000085000000, 0x000000008a300000, 0x00000000d7000000)
  object space 84992K, 0% used [0x0000000085000000,0x0000000085006000,0x000000008a300000)
 Metaspace       used 5266K, capacity 5392K, committed 5504K, reserved 1056768K
  class space    used 584K, capacity 627K, committed 640K, reserved 1048576K
}
Event: 0,991 GC heap before
{Heap before GC invocations=5 (full 0):
 PSYoungGen      total 132096K, used 127888K [0x00000000d7000000, 0x00000000df600000, 0x0000000100000000)
  eden space 126976K, 100% used [0x00000000d7000000,0x00000000dec00000,0x00000000dec00000)
  from space 5120K, 17% used [0x00000000df100000,0x00000000df1e4010,0x00000000df600000)
  to   space 5120K, 0% used [0x00000000dec00000,0x00000000dec00000,0x00000000df100000)
 ParOldGen       total 84992K, used 24K [0x0000000085000000, 0x000000008a300000, 0x00000000d7000000)
  object space 84992K, 0% used [0x0000000085000000,0x0000000085006000,0x000000008a300000)
 Metaspace       used 5266K, capacity 5392K, committed 5504K, reserved 1056768K
  class space    used 584K, capacity 627K, committed 640K, reserved 1048576K
Event: 0,993 GC heap after
Heap after GC invocations=5 (full 0):
 PSYoungGen      total 132096K, used 912K [0x00000000d7000000, 0x00000000e6b00000, 0x0000000100000000)
  eden space 126976K, 0% used [0x00000000d7000000,0x00000000d7000000,0x00000000dec00000)
  from space 5120K, 17% used [0x00000000dec00000,0x00000000dece4010,0x00000000df100000)
  to   space 1536K, 0% used [0x00000000e6980000,0x00000000e6980000,0x00000000e6b00000)
 ParOldGen       total 84992K, used 24K [0x0000000085000000, 0x000000008a300000, 0x00000000d7000000)
  object space 84992K, 0% used [0x0000000085000000,0x0000000085006000,0x000000008a300000)
 Metaspace       used 5266K, capacity 5392K, committed 5504K, reserved 1056768K
  class space    used 584K, capacity 627K, committed 640K, reserved 1048576K
}
Event: 1,222 GC heap before
{Heap before GC invocations=6 (full 0):
 PSYoungGen      total 132096K, used 127888K [0x00000000d7000000, 0x00000000e6b00000, 0x0000000100000000)
  eden space 126976K, 100% used [0x00000000d7000000,0x00000000dec00000,0x00000000dec00000)
  from space 5120K, 17% used [0x00000000dec00000,0x00000000dece4010,0x00000000df100000)
  to   space 1536K, 0% used [0x00000000e6980000,0x00000000e6980000,0x00000000e6b00000)
 ParOldGen       total 84992K, used 24K [0x0000000085000000, 0x000000008a300000, 0x00000000d7000000)
  object space 84992K, 0% used [0x0000000085000000,0x0000000085006000,0x000000008a300000)
 Metaspace       used 5266K, capacity 5392K, committed 5504K, reserved 1056768K
  class space    used 584K, capacity 627K, committed 640K, reserved 1048576K
Event: 1,234 GC heap after
Heap after GC invocations=6 (full 0):
 PSYoungGen      total 255488K, used 912K [0x00000000d7000000, 0x00000000e6b00000, 0x0000000100000000)
  eden space 253952K, 0% used [0x00000000d7000000,0x00000000d7000000,0x00000000e6800000)
  from space 1536K, 59% used [0x00000000e6980000,0x00000000e6a64010,0x00000000e6b00000)
  to   space 1536K, 0% used [0x00000000e6800000,0x00000000e6800000,0x00000000e6980000)
 ParOldGen       total 84992K, used 24K [0x0000000085000000, 0x000000008a300000, 0x00000000d7000000)
  object space 84992K, 0% used [0x0000000085000000,0x0000000085006000,0x000000008a300000)
 Metaspace       used 5266K, capacity 5392K, committed 5504K, reserved 1056768K
  class space    used 584K, capacity 627K, committed 640K, reserved 1048576K
}
Event: 1,738 GC heap before
{Heap before GC invocations=7 (full 0):
 PSYoungGen      total 255488K, used 254864K [0x00000000d7000000, 0x00000000e6b00000, 0x0000000100000000)
  eden space 253952K, 100% used [0x00000000d7000000,0x00000000e6800000,0x00000000e6800000)
  from space 1536K, 59% used [0x00000000e6980000,0x00000000e6a64010,0x00000000e6b00000)
  to   space 1536K, 0% used [0x00000000e6800000,0x00000000e6800000,0x00000000e6980000)
 ParOldGen       total 84992K, used 24K [0x0000000085000000, 0x000000008a300000, 0x00000000d7000000)
  object space 84992K, 0% used [0x0000000085000000,0x0000000085006000,0x000000008a300000)
 Metaspace       used 5266K, capacity 5392K, committed 5504K, reserved 1056768K
  class space    used 584K, capacity 627K, committed 640K, reserved 1048576K
Event: 1,741 GC heap after
Heap after GC invocations=7 (full 0):
 PSYoungGen      total 255488K, used 0K [0x00000000d7000000, 0x00000000f6400000, 0x0000000100000000)
  eden space 253952K, 0% used [0x00000000d7000000,0x00000000d7000000,0x00000000e6800000)
  from space 1536K, 0% used [0x00000000e6800000,0x00000000e6800000,0x00000000e6980000)
  to   space 2048K, 0% used [0x00000000f6200000,0x00000000f6200000,0x00000000f6400000)
 ParOldGen       total 84992K, used 873K [0x0000000085000000, 0x000000008a300000, 0x00000000d7000000)
  object space 84992K, 1% used [0x0000000085000000,0x00000000850da510,0x000000008a300000)
 Metaspace       used 5266K, capacity 5392K, committed 5504K, reserved 1056768K
  class space    used 584K, capacity 627K, committed 640K, reserved 1048576K
}
Event: 2,207 GC heap before
{Heap before GC invocations=8 (full 0):
 PSYoungGen      total 255488K, used 253952K [0x00000000d7000000, 0x00000000f6400000, 0x0000000100000000)
  eden space 253952K, 100% used [0x00000000d7000000,0x00000000e6800000,0x00000000e6800000)
  from space 1536K, 0% used [0x00000000e6800000,0x00000000e6800000,0x00000000e6980000)
  to   space 2048K, 0% used [0x00000000f6200000,0x00000000f6200000,0x00000000f6400000)
 ParOldGen       total 84992K, used 873K [0x0000000085000000, 0x000000008a300000, 0x00000000d7000000)
  object space 84992K, 1% used [0x0000000085000000,0x00000000850da510,0x000000008a300000)
 Metaspace       used 5266K, capacity 5392K, committed 5504K, reserved 1056768K
  class space    used 584K, capacity 627K, committed 640K, reserved 1048576K
Event: 2,208 GC heap after
Heap after GC invocations=8 (full 0):
 PSYoungGen      total 509952K, used 0K [0x00000000d7000000, 0x00000000f6400000, 0x0000000100000000)
  eden space 507904K, 0% used [0x00000000d7000000,0x00000000d7000000,0x00000000f6000000)
  from space 2048K, 0% used [0x00000000f6200000,0x00000000f6200000,0x00000000f6400000)
  to   space 2048K, 0% used [0x00000000f6000000,0x00000000f6000000,0x00000000f6200000)
 ParOldGen       total 84992K, used 873K [0x0000000085000000, 0x000000008a300000, 0x00000000d7000000)
  object space 84992K, 1% used [0x0000000085000000,0x00000000850da510,0x000000008a300000)
 Metaspace       used 5266K, capacity 5392K, committed 5504K, reserved 1056768K
  class space    used 584K, capacity 627K, committed 640K, reserved 1048576K
}
Event: 3,410 GC heap before
{Heap before GC invocations=9 (full 0):
 PSYoungGen      total 509952K, used 507904K [0x00000000d7000000, 0x00000000f6400000, 0x0000000100000000)
  eden space 507904K, 100% used [0x00000000d7000000,0x00000000f6000000,0x00000000f6000000)
  from space 2048K, 0% used [0x00000000f6200000,0x00000000f6200000,0x00000000f6400000)
  to   space 2048K, 0% used [0x00000000f6000000,0x00000000f6000000,0x00000000f6200000)
 ParOldGen       total 84992K, used 873K [0x0000000085000000, 0x000000008a300000, 0x00000000d7000000)
  object space 84992K, 1% used [0x0000000085000000,0x00000000850da510,0x000000008a300000)
 Metaspace       used 5266K, capacity 5392K, committed 5504K, reserved 1056768K
  class space    used 584K, capacity 627K, committed 640K, reserved 1048576K

